{"/Users/bonnai.djicko/Projects/nodejs-backend-architecture-typescript-template/src/core/ApiResponse.ts": {"path":"/Users/bonnai.djicko/Projects/nodejs-backend-architecture-typescript-template/src/core/ApiResponse.ts","statementMap":{"0":{"start":{"line":4,"column":0},"end":{"line":4,"column":null}},"1":{"start":{"line":5,"column":2},"end":{"line":5,"column":null}},"2":{"start":{"line":6,"column":2},"end":{"line":6,"column":null}},"3":{"start":{"line":7,"column":2},"end":{"line":7,"column":null}},"4":{"start":{"line":8,"column":2},"end":{"line":8,"column":null}},"5":{"start":{"line":11,"column":0},"end":{"line":11,"column":null}},"6":{"start":{"line":12,"column":2},"end":{"line":12,"column":null}},"7":{"start":{"line":13,"column":2},"end":{"line":13,"column":null}},"8":{"start":{"line":14,"column":2},"end":{"line":14,"column":null}},"9":{"start":{"line":15,"column":2},"end":{"line":15,"column":null}},"10":{"start":{"line":16,"column":2},"end":{"line":16,"column":null}},"11":{"start":{"line":17,"column":2},"end":{"line":17,"column":null}},"12":{"start":{"line":22,"column":23},"end":{"line":22,"column":45}},"13":{"start":{"line":23,"column":23},"end":{"line":23,"column":45}},"14":{"start":{"line":24,"column":23},"end":{"line":24,"column":38}},"15":{"start":{"line":27,"column":20},"end":{"line":27,"column":39}},"16":{"start":{"line":28,"column":16},"end":{"line":28,"column":39}},"17":{"start":{"line":29,"column":17},"end":{"line":29,"column":37}},"18":{"start":{"line":36,"column":4},"end":{"line":36,"column":79}},"19":{"start":{"line":36,"column":56},"end":{"line":36,"column":79}},"20":{"start":{"line":37,"column":4},"end":{"line":37,"column":72}},"21":{"start":{"line":44,"column":4},"end":{"line":44,"column":57}},"22":{"start":{"line":48,"column":21},"end":{"line":48,"column":28}},"23":{"start":{"line":49,"column":4},"end":{"line":49,"column":35}},"24":{"start":{"line":51,"column":4},"end":{"line":51,"column":24}},"25":{"start":{"line":52,"column":4},"end":{"line":52,"column":80}},"26":{"start":{"line":52,"column":27},"end":{"line":52,"column":80}},"27":{"start":{"line":52,"column":64},"end":{"line":52,"column":80}},"28":{"start":{"line":53,"column":4},"end":{"line":53,"column":17}},"29":{"start":{"line":59,"column":4},"end":{"line":59,"column":68}},"30":{"start":{"line":57,"column":0},"end":{"line":57,"column":13}},"31":{"start":{"line":65,"column":4},"end":{"line":65,"column":65}},"32":{"start":{"line":69,"column":4},"end":{"line":69,"column":63}},"33":{"start":{"line":63,"column":0},"end":{"line":63,"column":13}},"34":{"start":{"line":75,"column":4},"end":{"line":75,"column":65}},"35":{"start":{"line":73,"column":0},"end":{"line":73,"column":13}},"36":{"start":{"line":81,"column":4},"end":{"line":81,"column":67}},"37":{"start":{"line":79,"column":0},"end":{"line":79,"column":13}},"38":{"start":{"line":87,"column":4},"end":{"line":87,"column":70}},"39":{"start":{"line":85,"column":0},"end":{"line":85,"column":13}},"40":{"start":{"line":93,"column":4},"end":{"line":93,"column":63}},"41":{"start":{"line":91,"column":0},"end":{"line":91,"column":13}},"42":{"start":{"line":99,"column":4},"end":{"line":99,"column":63}},"43":{"start":{"line":97,"column":0},"end":{"line":97,"column":13}},"44":{"start":{"line":105,"column":4},"end":{"line":105,"column":63}},"45":{"start":{"line":104,"column":39},"end":{"line":104,"column":46}},"46":{"start":{"line":109,"column":4},"end":{"line":109,"column":65}},"47":{"start":{"line":103,"column":0},"end":{"line":103,"column":13}},"48":{"start":{"line":117,"column":4},"end":{"line":121,"column":6}},"49":{"start":{"line":114,"column":10},"end":{"line":114,"column":40}},"50":{"start":{"line":125,"column":4},"end":{"line":125,"column":43}},"51":{"start":{"line":126,"column":4},"end":{"line":126,"column":71}},"52":{"start":{"line":113,"column":0},"end":{"line":113,"column":13}},"53":{"start":{"line":136,"column":4},"end":{"line":136,"column":63}},"54":{"start":{"line":133,"column":12},"end":{"line":133,"column":31}},"55":{"start":{"line":134,"column":12},"end":{"line":134,"column":32}},"56":{"start":{"line":140,"column":4},"end":{"line":140,"column":67}},"57":{"start":{"line":130,"column":0},"end":{"line":130,"column":13}}},"fnMap":{"0":{"name":"(anonymous_0)","decl":{"start":{"line":4,"column":0},"end":{"line":4,"column":12}},"loc":{"start":{"line":4,"column":22},"end":{"line":9,"column":1}}},"1":{"name":"(anonymous_1)","decl":{"start":{"line":11,"column":0},"end":{"line":11,"column":12}},"loc":{"start":{"line":11,"column":26},"end":{"line":18,"column":1}}},"2":{"name":"(anonymous_2)","decl":{"start":{"line":21,"column":2},"end":{"line":21,"column":null}},"loc":{"start":{"line":24,"column":38},"end":{"line":25,"column":7}}},"3":{"name":"(anonymous_3)","decl":{"start":{"line":27,"column":2},"end":{"line":27,"column":15}},"loc":{"start":{"line":27,"column":15},"end":{"line":27,"column":40}}},"4":{"name":"(anonymous_4)","decl":{"start":{"line":28,"column":2},"end":{"line":28,"column":11}},"loc":{"start":{"line":28,"column":11},"end":{"line":28,"column":40}}},"5":{"name":"(anonymous_5)","decl":{"start":{"line":29,"column":2},"end":{"line":29,"column":12}},"loc":{"start":{"line":29,"column":12},"end":{"line":29,"column":38}}},"6":{"name":"(anonymous_6)","decl":{"start":{"line":31,"column":12},"end":{"line":31,"column":19}},"loc":{"start":{"line":34,"column":38},"end":{"line":38,"column":3}}},"7":{"name":"(anonymous_7)","decl":{"start":{"line":40,"column":9},"end":{"line":40,"column":13}},"loc":{"start":{"line":42,"column":43},"end":{"line":45,"column":3}}},"8":{"name":"(anonymous_8)","decl":{"start":{"line":47,"column":10},"end":{"line":47,"column":16}},"loc":{"start":{"line":47,"column":60},"end":{"line":54,"column":3}}},"9":{"name":"(anonymous_9)","decl":{"start":{"line":58,"column":2},"end":{"line":58,"column":14}},"loc":{"start":{"line":58,"column":48},"end":{"line":60,"column":3}}},"10":{"name":"(anonymous_10)","decl":{"start":{"line":64,"column":2},"end":{"line":64,"column":14}},"loc":{"start":{"line":64,"column":35},"end":{"line":66,"column":3}}},"11":{"name":"(anonymous_11)","decl":{"start":{"line":68,"column":2},"end":{"line":68,"column":6}},"loc":{"start":{"line":68,"column":61},"end":{"line":70,"column":3}}},"12":{"name":"(anonymous_12)","decl":{"start":{"line":74,"column":2},"end":{"line":74,"column":14}},"loc":{"start":{"line":74,"column":35},"end":{"line":76,"column":3}}},"13":{"name":"(anonymous_13)","decl":{"start":{"line":80,"column":2},"end":{"line":80,"column":14}},"loc":{"start":{"line":80,"column":40},"end":{"line":82,"column":3}}},"14":{"name":"(anonymous_14)","decl":{"start":{"line":86,"column":2},"end":{"line":86,"column":14}},"loc":{"start":{"line":86,"column":40},"end":{"line":88,"column":3}}},"15":{"name":"(anonymous_15)","decl":{"start":{"line":92,"column":2},"end":{"line":92,"column":14}},"loc":{"start":{"line":92,"column":29},"end":{"line":94,"column":3}}},"16":{"name":"(anonymous_16)","decl":{"start":{"line":98,"column":2},"end":{"line":98,"column":14}},"loc":{"start":{"line":98,"column":29},"end":{"line":100,"column":3}}},"17":{"name":"(anonymous_17)","decl":{"start":{"line":104,"column":2},"end":{"line":104,"column":14}},"loc":{"start":{"line":104,"column":46},"end":{"line":106,"column":3}}},"18":{"name":"(anonymous_18)","decl":{"start":{"line":108,"column":2},"end":{"line":108,"column":6}},"loc":{"start":{"line":108,"column":61},"end":{"line":110,"column":3}}},"19":{"name":"(anonymous_19)","decl":{"start":{"line":116,"column":2},"end":{"line":116,"column":14}},"loc":{"start":{"line":116,"column":46},"end":{"line":122,"column":3}}},"20":{"name":"(anonymous_20)","decl":{"start":{"line":124,"column":2},"end":{"line":124,"column":6}},"loc":{"start":{"line":124,"column":61},"end":{"line":127,"column":3}}},"21":{"name":"(anonymous_21)","decl":{"start":{"line":131,"column":2},"end":{"line":131,"column":null}},"loc":{"start":{"line":134,"column":32},"end":{"line":137,"column":3}}},"22":{"name":"(anonymous_22)","decl":{"start":{"line":139,"column":2},"end":{"line":139,"column":6}},"loc":{"start":{"line":139,"column":61},"end":{"line":141,"column":3}}}},"branchMap":{"0":{"loc":{"start":{"line":4,"column":12},"end":{"line":4,"column":null}},"type":"binary-expr","locations":[{"start":{"line":4,"column":12},"end":{"line":4,"column":22}},{"start":{"line":4,"column":12},"end":{"line":4,"column":null}}]},"1":{"loc":{"start":{"line":11,"column":12},"end":{"line":11,"column":null}},"type":"binary-expr","locations":[{"start":{"line":11,"column":12},"end":{"line":11,"column":26}},{"start":{"line":11,"column":12},"end":{"line":11,"column":null}}]},"2":{"loc":{"start":{"line":42,"column":4},"end":{"line":42,"column":43}},"type":"default-arg","locations":[{"start":{"line":42,"column":41},"end":{"line":42,"column":43}}]},"3":{"loc":{"start":{"line":52,"column":27},"end":{"line":52,"column":80}},"type":"if","locations":[{"start":{"line":52,"column":27},"end":{"line":52,"column":80}}]},"4":{"loc":{"start":{"line":58,"column":14},"end":{"line":58,"column":48}},"type":"default-arg","locations":[{"start":{"line":58,"column":24},"end":{"line":58,"column":48}}]},"5":{"loc":{"start":{"line":64,"column":14},"end":{"line":64,"column":35}},"type":"default-arg","locations":[{"start":{"line":64,"column":24},"end":{"line":64,"column":35}}]},"6":{"loc":{"start":{"line":68,"column":22},"end":{"line":68,"column":61}},"type":"default-arg","locations":[{"start":{"line":68,"column":59},"end":{"line":68,"column":61}}]},"7":{"loc":{"start":{"line":74,"column":14},"end":{"line":74,"column":35}},"type":"default-arg","locations":[{"start":{"line":74,"column":24},"end":{"line":74,"column":35}}]},"8":{"loc":{"start":{"line":80,"column":14},"end":{"line":80,"column":40}},"type":"default-arg","locations":[{"start":{"line":80,"column":24},"end":{"line":80,"column":40}}]},"9":{"loc":{"start":{"line":86,"column":14},"end":{"line":86,"column":40}},"type":"default-arg","locations":[{"start":{"line":86,"column":24},"end":{"line":86,"column":40}}]},"10":{"loc":{"start":{"line":108,"column":22},"end":{"line":108,"column":61}},"type":"default-arg","locations":[{"start":{"line":108,"column":59},"end":{"line":108,"column":61}}]},"11":{"loc":{"start":{"line":116,"column":14},"end":{"line":116,"column":46}},"type":"default-arg","locations":[{"start":{"line":116,"column":24},"end":{"line":116,"column":46}}]},"12":{"loc":{"start":{"line":124,"column":22},"end":{"line":124,"column":61}},"type":"default-arg","locations":[{"start":{"line":124,"column":59},"end":{"line":124,"column":61}}]},"13":{"loc":{"start":{"line":139,"column":22},"end":{"line":139,"column":61}},"type":"default-arg","locations":[{"start":{"line":139,"column":59},"end":{"line":139,"column":61}}]}},"s":{"0":1,"1":1,"2":1,"3":1,"4":1,"5":1,"6":1,"7":1,"8":1,"9":1,"10":1,"11":1,"12":1,"13":1,"14":1,"15":1,"16":1,"17":1,"18":0,"19":0,"20":0,"21":0,"22":0,"23":0,"24":0,"25":0,"26":0,"27":0,"28":0,"29":0,"30":1,"31":0,"32":0,"33":1,"34":0,"35":1,"36":0,"37":1,"38":0,"39":1,"40":0,"41":1,"42":0,"43":1,"44":1,"45":1,"46":0,"47":1,"48":0,"49":0,"50":0,"51":0,"52":1,"53":0,"54":0,"55":0,"56":0,"57":1},"f":{"0":1,"1":1,"2":1,"3":1,"4":1,"5":1,"6":0,"7":0,"8":0,"9":0,"10":0,"11":0,"12":0,"13":0,"14":0,"15":0,"16":0,"17":1,"18":0,"19":0,"20":0,"21":0,"22":0},"b":{"0":[1,1],"1":[1,1],"2":[0],"3":[0],"4":[0],"5":[0],"6":[0],"7":[0],"8":[0],"9":[0],"10":[0],"11":[0],"12":[0],"13":[0]}}
}
