TN:
SF:src/core/ApiResponse.ts
FN:4,(anonymous_0)
FN:11,(anonymous_1)
FN:21,(anonymous_2)
FN:27,(anonymous_3)
FN:28,(anonymous_4)
FN:29,(anonymous_5)
FN:31,(anonymous_6)
FN:40,(anonymous_7)
FN:47,(anonymous_8)
FN:58,(anonymous_9)
FN:64,(anonymous_10)
FN:68,(anonymous_11)
FN:74,(anonymous_12)
FN:80,(anonymous_13)
FN:86,(anonymous_14)
FN:92,(anonymous_15)
FN:98,(anonymous_16)
FN:104,(anonymous_17)
FN:108,(anonymous_18)
FN:116,(anonymous_19)
FN:124,(anonymous_20)
FN:131,(anonymous_21)
FN:139,(anonymous_22)
FNF:23
FNH:7
FNDA:1,(anonymous_0)
FNDA:1,(anonymous_1)
FNDA:1,(anonymous_2)
FNDA:1,(anonymous_3)
FNDA:1,(anonymous_4)
FNDA:1,(anonymous_5)
FNDA:0,(anonymous_6)
FNDA:0,(anonymous_7)
FNDA:0,(anonymous_8)
FNDA:0,(anonymous_9)
FNDA:0,(anonymous_10)
FNDA:0,(anonymous_11)
FNDA:0,(anonymous_12)
FNDA:0,(anonymous_13)
FNDA:0,(anonymous_14)
FNDA:0,(anonymous_15)
FNDA:0,(anonymous_16)
FNDA:1,(anonymous_17)
FNDA:0,(anonymous_18)
FNDA:0,(anonymous_19)
FNDA:0,(anonymous_20)
FNDA:0,(anonymous_21)
FNDA:0,(anonymous_22)
DA:4,1
DA:5,1
DA:6,1
DA:7,1
DA:8,1
DA:11,1
DA:12,1
DA:13,1
DA:14,1
DA:15,1
DA:16,1
DA:17,1
DA:22,1
DA:23,1
DA:24,1
DA:27,1
DA:28,1
DA:29,1
DA:36,0
DA:37,0
DA:44,0
DA:48,0
DA:49,0
DA:51,0
DA:52,0
DA:53,0
DA:57,1
DA:59,0
DA:63,1
DA:65,0
DA:69,0
DA:73,1
DA:75,0
DA:79,1
DA:81,0
DA:85,1
DA:87,0
DA:91,1
DA:93,0
DA:97,1
DA:99,0
DA:103,1
DA:104,1
DA:105,1
DA:109,0
DA:113,1
DA:114,0
DA:117,0
DA:125,0
DA:126,0
DA:130,1
DA:133,0
DA:134,0
DA:136,0
DA:140,0
LF:55
LH:30
BRDA:4,0,0,1
BRDA:4,0,1,1
BRDA:11,1,0,1
BRDA:11,1,1,1
BRDA:42,2,0,0
BRDA:52,3,0,0
BRDA:58,4,0,0
BRDA:64,5,0,0
BRDA:68,6,0,0
BRDA:74,7,0,0
BRDA:80,8,0,0
BRDA:86,9,0,0
BRDA:108,10,0,0
BRDA:116,11,0,0
BRDA:124,12,0,0
BRDA:139,13,0,0
BRF:16
BRH:4
end_of_record
